{
  "stats": {
    "suites": 1,
    "tests": 1,
    "passes": 1,
    "pending": 0,
    "failures": 0,
    "start": "2023-07-04T10:16:56.396Z",
    "end": "2023-07-04T10:16:57.626Z",
    "duration": 1230,
    "testsRegistered": 1,
    "passPercent": 100,
    "pendingPercent": 0,
    "other": 0,
    "hasOther": false,
    "skipped": 0,
    "hasSkipped": false
  },
  "results": [
    {
      "uuid": "9337ca7e-b7d1-44ab-9b7b-7eebc470b185",
      "title": "",
      "fullFile": "C:\\Users\\osa\\Desktop\\nestqa\\Automation-test\\tests\\scenarios\\ping-check.test.js",
      "file": "\\tests\\scenarios\\ping-check.test.js",
      "beforeHooks": [],
      "afterHooks": [],
      "tests": [],
      "suites": [
        {
          "uuid": "7edd4b57-8f6d-4172-a8d8-20fbe899da5a",
          "title": "CHECKING PING ",
          "fullFile": "C:\\Users\\osa\\Desktop\\nestqa\\Automation-test\\tests\\scenarios\\ping-check.test.js",
          "file": "\\tests\\scenarios\\ping-check.test.js",
          "beforeHooks": [],
          "afterHooks": [],
          "tests": [
            {
              "title": "Ensure PING CHECK API is running",
              "fullTitle": "CHECKING PING  Ensure PING CHECK API is running",
              "timedOut": false,
              "duration": 1216,
              "state": "passed",
              "speed": "slow",
              "pass": true,
              "fail": false,
              "pending": false,
              "context": null,
              "code": "const responsePingCheck = await restfulBooker.pingCheck();\nassert.equal(responsePingCheck.status, 201);\nassert.equal(responsePingCheck.data, \"Created\");",
              "err": {},
              "uuid": "0391879f-ba7c-4da7-a5d8-905f31cd9494",
              "parentUUID": "7edd4b57-8f6d-4172-a8d8-20fbe899da5a",
              "isHook": false,
              "skipped": false
            }
          ],
          "suites": [],
          "passes": [
            "0391879f-ba7c-4da7-a5d8-905f31cd9494"
          ],
          "failures": [],
          "pending": [],
          "skipped": [],
          "duration": 1216,
          "root": false,
          "rootEmpty": false,
          "_timeout": 2000
        }
      ],
      "passes": [],
      "failures": [],
      "pending": [],
      "skipped": [],
      "duration": 0,
      "root": true,
      "rootEmpty": true,
      "_timeout": 2000
    }
  ],
  "meta": {
    "mocha": {
      "version": "10.2.0"
    },
    "mochawesome": {
      "options": {
        "quiet": false,
        "reportFilename": "mochawesome",
        "saveHtml": true,
        "saveJson": true,
        "consoleReporter": "spec",
        "useInlineDiffs": false,
        "code": true
      },
      "version": "7.1.3"
    },
    "marge": {
      "options": null,
      "version": "6.2.0"
    }
  }
}